<?xml version="1.0" encoding="UTF-8"?>
<!-- Generated by org.testng.reporters.JUnitReportReporter -->
<testsuite hostname="acer-PC" failures="0" tests="1" name="Demo.quiz.LoginPage" time="26.723" errors="0" timestamp="2024-12-23T14:30:43 IST" skipped="0">
  <testcase classname="Demo.quiz.LoginPage" name="LoginPage" time="26.723"/>
</testsuite> <!-- Demo.quiz.LoginPage -->
