<?xml version="1.0" encoding="UTF-8"?>
<!-- Generated by org.testng.reporters.JUnitReportReporter -->
<testsuite hostname="acer-PC" failures="0" tests="1" name="com.Demo.App.AdminPage" time="47.095" errors="0" timestamp="2025-01-18T12:34:20 IST" skipped="0">
  <testcase classname="com.Demo.App.AdminPage" name="adminPage" time="47.095"/>
</testsuite> <!-- com.Demo.App.AdminPage -->
