<?xml version="1.0" encoding="UTF-8"?>
<!-- Generated by org.testng.reporters.JUnitReportReporter -->
<testsuite hostname="acer-PC" failures="0" tests="1" name="com.Demo.App.ExtentReport" time="53.913" errors="0" timestamp="2025-01-13T12:44:01 IST" skipped="0">
  <testcase classname="com.Demo.App.ExtentReport" name="Initialize" time="53.913"/>
</testsuite> <!-- com.Demo.App.ExtentReport -->
