<?xml version="1.0" encoding="UTF-8"?>
<!-- Generated by org.testng.reporters.JUnitReportReporter -->
<testsuite hostname="acer-PC" failures="0" tests="1" name="Demo.quiz.ExtentReport" time="10.358" errors="0" timestamp="2024-12-29T00:46:35 IST" skipped="0">
  <testcase classname="Demo.quiz.ExtentReport" name="Initialize" time="10.358"/>
</testsuite> <!-- Demo.quiz.ExtentReport -->
