<?xml version="1.0" encoding="UTF-8"?>
<!-- Generated by org.testng.reporters.JUnitReportReporter -->
<testsuite hostname="acer-PC" failures="0" tests="1" name="Demo.quiz.EmpPage" time="80.187" errors="0" timestamp="2024-12-25T21:02:49 IST" skipped="0">
  <testcase classname="Demo.quiz.EmpPage" name="Page" time="80.187"/>
</testsuite> <!-- Demo.quiz.EmpPage -->
