<?xml version="1.0" encoding="UTF-8"?>
<!-- Generated by org.testng.reporters.JUnitReportReporter -->
<testsuite hostname="acer-PC" failures="0" tests="1" name="com.Demo.App.Student1" time="185.091" errors="0" timestamp="2025-01-13T13:04:22 IST" skipped="0">
  <testcase classname="com.Demo.App.Student1" name="Student" time="185.091"/>
</testsuite> <!-- com.Demo.App.Student1 -->
